<?xml version="1.0" encoding="UTF-8"?>
<!-- Generated by org.testng.reporters.JUnitReportReporter -->
<testsuite hostname="DESKTOP-L19PM1V" failures="0" tests="2" name="MavenTutorial.MavenJava.RESTAPITest" time="0.006" errors="0" timestamp="2021-01-18T16:39:52 CET" skipped="0">
  <testcase classname="MavenTutorial.MavenJava.RESTAPITest" name="PostJira" time="0.000"/>
  <system-out/>
  <testcase classname="MavenTutorial.MavenJava.RESTAPITest" name="DeleteTwitter" time="0.006"/>
  <system-out/>
</testsuite> <!-- MavenTutorial.MavenJava.RESTAPITest -->
