<?xml version="1.0" encoding="UTF-8"?>
<!-- Generated by org.testng.reporters.JUnitReportReporter -->
<testsuite hostname="DESKTOP-L19PM1V" failures="0" tests="2" name="MavenTutorial.MavenJava.AppiumTest" time="0.001" errors="0" timestamp="2021-01-18T19:35:05 CET" skipped="0">
  <testcase classname="MavenTutorial.MavenJava.AppiumTest" name="IOSapps" time="0.001"/>
  <system-out/>
  <testcase classname="MavenTutorial.MavenJava.AppiumTest" name="NativeAppAndroid" time="0.000"/>
  <system-out/>
</testsuite> <!-- MavenTutorial.MavenJava.AppiumTest -->
