<?xml version="1.0" encoding="UTF-8"?>
<!-- Generated by org.testng.reporters.JUnitReportReporter -->
<testsuite hostname="DESKTOP-L19PM1V" failures="0" tests="2" name="MavenTutorial.MavenJava.SeleniumTest" time="0.004" errors="0" timestamp="2021-01-18T19:35:05 CET" skipped="0">
  <testcase classname="MavenTutorial.MavenJava.SeleniumTest" name="BrowserAutomation" time="0.004"/>
  <system-out/>
  <testcase classname="MavenTutorial.MavenJava.SeleniumTest" name="ElementsUi" time="0.000"/>
  <system-out/>
</testsuite> <!-- MavenTutorial.MavenJava.SeleniumTest -->
